{"C:\\Users\\indraprasath.m\\Desktop\\e-commerce\\ecommerce\\src\\constants\\constants.ts": {"path":"C:\\Users\\indraprasath.m\\Desktop\\e-commerce\\ecommerce\\src\\constants\\constants.ts","statementMap":{"0":{"start":{"line":2,"column":13},"end":{"line":2,"column":null}},"1":{"start":{"line":3,"column":13},"end":{"line":3,"column":null}},"2":{"start":{"line":4,"column":13},"end":{"line":4,"column":null}},"3":{"start":{"line":5,"column":13},"end":{"line":5,"column":null}},"4":{"start":{"line":6,"column":13},"end":{"line":6,"column":null}},"5":{"start":{"line":7,"column":13},"end":{"line":7,"column":null}},"6":{"start":{"line":10,"column":13},"end":{"line":10,"column":null}},"7":{"start":{"line":11,"column":13},"end":{"line":11,"column":null}},"8":{"start":{"line":12,"column":13},"end":{"line":12,"column":null}},"9":{"start":{"line":13,"column":13},"end":{"line":13,"column":null}},"10":{"start":{"line":16,"column":13},"end":{"line":16,"column":null}},"11":{"start":{"line":19,"column":13},"end":{"line":19,"column":null}}},"fnMap":{},"branchMap":{},"s":{"0":1,"1":1,"2":1,"3":1,"4":1,"5":1,"6":1,"7":1,"8":1,"9":1,"10":1,"11":1},"f":{},"b":{}}
,"C:\\Users\\indraprasath.m\\Desktop\\e-commerce\\ecommerce\\src\\context\\AuthContext.tsx": {"path":"C:\\Users\\indraprasath.m\\Desktop\\e-commerce\\ecommerce\\src\\context\\AuthContext.tsx","statementMap":{"0":{"start":{"line":1,"column":0},"end":{"line":1,"column":48}},"1":{"start":{"line":3,"column":0},"end":{"line":3,"column":34}},"2":{"start":{"line":5,"column":20},"end":{"line":14,"column":1}},"3":{"start":{"line":6,"column":4},"end":{"line":13,"column":5}},"4":{"start":{"line":8,"column":12},"end":{"line":8,"column":null}},"5":{"start":{"line":10,"column":12},"end":{"line":10,"column":null}},"6":{"start":{"line":12,"column":12},"end":{"line":12,"column":null}},"7":{"start":{"line":16,"column":13},"end":{"line":19,"column":null}},"8":{"start":{"line":18,"column":20},"end":{"line":18,"column":24}},"9":{"start":{"line":21,"column":13},"end":{"line":21,"column":null}},"10":{"start":{"line":23,"column":28},"end":{"line":31,"column":1}},"11":{"start":{"line":24,"column":40},"end":{"line":24,"column":70}},"12":{"start":{"line":26,"column":4},"end":{"line":30,"column":null}},"13":{"start":{"line":23,"column":13},"end":{"line":23,"column":28}}},"fnMap":{"0":{"name":"(anonymous_0)","decl":{"start":{"line":5,"column":20},"end":{"line":5,"column":21}},"loc":{"start":{"line":5,"column":64},"end":{"line":14,"column":1}}},"1":{"name":"(anonymous_1)","decl":{"start":{"line":18,"column":14},"end":{"line":18,"column":17}},"loc":{"start":{"line":18,"column":20},"end":{"line":18,"column":24}}},"2":{"name":"(anonymous_2)","decl":{"start":{"line":23,"column":28},"end":{"line":23,"column":29}},"loc":{"start":{"line":23,"column":66},"end":{"line":31,"column":1}}}},"branchMap":{"0":{"loc":{"start":{"line":6,"column":4},"end":{"line":13,"column":5}},"type":"switch","locations":[{"start":{"line":7,"column":8},"end":{"line":8,"column":null}},{"start":{"line":9,"column":8},"end":{"line":10,"column":null}},{"start":{"line":11,"column":8},"end":{"line":12,"column":null}}]}},"s":{"0":1,"1":1,"2":1,"3":0,"4":0,"5":0,"6":0,"7":1,"8":0,"9":1,"10":1,"11":0,"12":0,"13":1},"f":{"0":0,"1":0,"2":0},"b":{"0":[0,0,0]}}
,"C:\\Users\\indraprasath.m\\Desktop\\e-commerce\\ecommerce\\src\\pages\\Login.tsx": {"path":"C:\\Users\\indraprasath.m\\Desktop\\e-commerce\\ecommerce\\src\\pages\\Login.tsx","statementMap":{"0":{"start":{"line":1,"column":0},"end":{"line":1,"column":34}},"1":{"start":{"line":2,"column":0},"end":{"line":2,"column":46}},"2":{"start":{"line":3,"column":0},"end":{"line":3,"column":52}},"3":{"start":{"line":4,"column":0},"end":{"line":4,"column":62}},"4":{"start":{"line":5,"column":0},"end":{"line":5,"column":50}},"5":{"start":{"line":6,"column":0},"end":{"line":6,"column":58}},"6":{"start":{"line":7,"column":0},"end":{"line":7,"column":26}},"7":{"start":{"line":9,"column":14},"end":{"line":90,"column":1}},"8":{"start":{"line":10,"column":18},"end":{"line":10,"column":31}},"9":{"start":{"line":11,"column":22},"end":{"line":11,"column":46}},"10":{"start":{"line":13,"column":26},"end":{"line":16,"column":3}},"11":{"start":{"line":18,"column":22},"end":{"line":35,"column":null}},"12":{"start":{"line":18,"column":79},"end":{"line":35,"column":null}},"13":{"start":{"line":19,"column":2},"end":{"line":34,"column":3}},"14":{"start":{"line":20,"column":20},"end":{"line":23,"column":5}},"15":{"start":{"line":25,"column":23},"end":{"line":25,"column":55}},"16":{"start":{"line":26,"column":3},"end":{"line":26,"column":null}},"17":{"start":{"line":28,"column":3},"end":{"line":31,"column":4}},"18":{"start":{"line":29,"column":4},"end":{"line":29,"column":null}},"19":{"start":{"line":30,"column":4},"end":{"line":30,"column":null}},"20":{"start":{"line":33,"column":3},"end":{"line":33,"column":null}},"21":{"start":{"line":37,"column":1},"end":{"line":89,"column":null}},"22":{"start":{"line":45,"column":6},"end":{"line":83,"column":null}},"23":{"start":{"line":92,"column":0},"end":{"line":92,"column":null}}},"fnMap":{"0":{"name":"(anonymous_13)","decl":{"start":{"line":9,"column":14},"end":{"line":9,"column":17}},"loc":{"start":{"line":9,"column":19},"end":{"line":90,"column":1}}},"1":{"name":"(anonymous_14)","decl":{"start":{"line":18,"column":22},"end":{"line":18,"column":29}},"loc":{"start":{"line":18,"column":79},"end":{"line":35,"column":null}}},"2":{"name":"(anonymous_15)","decl":{"start":{"line":18,"column":79},"end":{"line":18,"column":null}},"loc":{"start":{"line":18,"column":79},"end":{"line":35,"column":2}}},"3":{"name":"(anonymous_16)","decl":{"start":{"line":44,"column":6},"end":{"line":44,"column":7}},"loc":{"start":{"line":45,"column":6},"end":{"line":83,"column":null}}}},"branchMap":{"0":{"loc":{"start":{"line":28,"column":3},"end":{"line":31,"column":4}},"type":"if","locations":[{"start":{"line":28,"column":3},"end":{"line":31,"column":4}}]},"1":{"loc":{"start":{"line":28,"column":7},"end":{"line":28,"column":64}},"type":"binary-expr","locations":[{"start":{"line":28,"column":7},"end":{"line":28,"column":32}},{"start":{"line":28,"column":36},"end":{"line":28,"column":64}}]},"2":{"loc":{"start":{"line":81,"column":10},"end":{"line":81,"column":52}},"type":"cond-expr","locations":[{"start":{"line":81,"column":25},"end":{"line":81,"column":40}},{"start":{"line":81,"column":43},"end":{"line":81,"column":52}}]}},"s":{"0":1,"1":1,"2":1,"3":1,"4":1,"5":1,"6":1,"7":1,"8":7,"9":7,"10":7,"11":7,"12":2,"13":2,"14":2,"15":1,"16":1,"17":1,"18":1,"19":1,"20":1,"21":7,"22":17,"23":1},"f":{"0":7,"1":2,"2":2,"3":17},"b":{"0":[1],"1":[1,1],"2":[3,14]}}
,"C:\\Users\\indraprasath.m\\Desktop\\e-commerce\\ecommerce\\src\\service\\ApiService.tsx": {"path":"C:\\Users\\indraprasath.m\\Desktop\\e-commerce\\ecommerce\\src\\service\\ApiService.tsx","statementMap":{"0":{"start":{"line":1,"column":0},"end":{"line":1,"column":26}},"1":{"start":{"line":3,"column":13},"end":{"line":8,"column":null}},"2":{"start":{"line":10,"column":0},"end":{"line":21,"column":null}},"3":{"start":{"line":11,"column":18},"end":{"line":11,"column":53}},"4":{"start":{"line":12,"column":4},"end":{"line":14,"column":5}},"5":{"start":{"line":13,"column":8},"end":{"line":13,"column":null}},"6":{"start":{"line":15,"column":4},"end":{"line":15,"column":null}},"7":{"start":{"line":18,"column":8},"end":{"line":18,"column":null}},"8":{"start":{"line":19,"column":8},"end":{"line":19,"column":null}},"9":{"start":{"line":23,"column":0},"end":{"line":34,"column":null}},"10":{"start":{"line":24,"column":4},"end":{"line":24,"column":null}},"11":{"start":{"line":27,"column":8},"end":{"line":31,"column":9}},"12":{"start":{"line":28,"column":12},"end":{"line":28,"column":null}},"13":{"start":{"line":29,"column":12},"end":{"line":29,"column":null}},"14":{"start":{"line":30,"column":12},"end":{"line":30,"column":null}},"15":{"start":{"line":32,"column":8},"end":{"line":32,"column":null}}},"fnMap":{"0":{"name":"(anonymous_1)","decl":{"start":{"line":10,"column":36},"end":{"line":10,"column":37}},"loc":{"start":{"line":10,"column":52},"end":{"line":16,"column":5}}},"1":{"name":"(anonymous_2)","decl":{"start":{"line":17,"column":4},"end":{"line":17,"column":5}},"loc":{"start":{"line":17,"column":19},"end":{"line":20,"column":5}}},"2":{"name":"(anonymous_3)","decl":{"start":{"line":23,"column":37},"end":{"line":23,"column":38}},"loc":{"start":{"line":23,"column":55},"end":{"line":25,"column":5}}},"3":{"name":"(anonymous_4)","decl":{"start":{"line":26,"column":4},"end":{"line":26,"column":5}},"loc":{"start":{"line":26,"column":19},"end":{"line":33,"column":5}}}},"branchMap":{"0":{"loc":{"start":{"line":12,"column":4},"end":{"line":14,"column":5}},"type":"if","locations":[{"start":{"line":12,"column":4},"end":{"line":14,"column":5}}]},"1":{"loc":{"start":{"line":27,"column":8},"end":{"line":31,"column":9}},"type":"if","locations":[{"start":{"line":27,"column":8},"end":{"line":31,"column":9}}]},"2":{"loc":{"start":{"line":27,"column":12},"end":{"line":27,"column":59}},"type":"binary-expr","locations":[{"start":{"line":27,"column":12},"end":{"line":27,"column":26}},{"start":{"line":27,"column":30},"end":{"line":27,"column":59}}]}},"s":{"0":1,"1":1,"2":1,"3":0,"4":0,"5":0,"6":0,"7":0,"8":0,"9":1,"10":0,"11":0,"12":0,"13":0,"14":0,"15":0},"f":{"0":0,"1":0,"2":0,"3":0},"b":{"0":[0],"1":[0],"2":[0,0]}}
}
