TN:
SF:src\constants\constants.ts
FNF:0
FNH:0
DA:2,1
DA:3,1
DA:4,1
DA:5,1
DA:6,1
DA:7,1
DA:10,1
DA:11,1
DA:12,1
DA:13,1
DA:16,1
DA:19,1
LF:12
LH:12
BRF:0
BRH:0
end_of_record
TN:
SF:src\context\AuthContext.tsx
FN:5,(anonymous_0)
FN:18,(anonymous_1)
FN:23,(anonymous_2)
FNF:3
FNH:0
FNDA:0,(anonymous_0)
FNDA:0,(anonymous_1)
FNDA:0,(anonymous_2)
DA:1,1
DA:3,1
DA:5,1
DA:6,0
DA:8,0
DA:10,0
DA:12,0
DA:16,1
DA:18,0
DA:21,1
DA:23,1
DA:24,0
DA:26,0
LF:13
LH:6
BRDA:6,0,0,0
BRDA:6,0,1,0
BRDA:6,0,2,0
BRF:3
BRH:0
end_of_record
TN:
SF:src\pages\Login.tsx
FN:9,(anonymous_13)
FN:18,(anonymous_14)
FN:18,(anonymous_15)
FN:44,(anonymous_16)
FNF:4
FNH:4
FNDA:7,(anonymous_13)
FNDA:2,(anonymous_14)
FNDA:2,(anonymous_15)
FNDA:17,(anonymous_16)
DA:1,1
DA:2,1
DA:3,1
DA:4,1
DA:5,1
DA:6,1
DA:7,1
DA:9,1
DA:10,7
DA:11,7
DA:13,7
DA:18,7
DA:19,2
DA:20,2
DA:25,1
DA:26,1
DA:28,1
DA:29,1
DA:30,1
DA:33,1
DA:37,7
DA:45,17
DA:92,1
LF:23
LH:23
BRDA:28,0,0,1
BRDA:28,1,0,1
BRDA:28,1,1,1
BRDA:81,2,0,3
BRDA:81,2,1,14
BRF:5
BRH:5
end_of_record
TN:
SF:src\service\ApiService.tsx
FN:10,(anonymous_1)
FN:17,(anonymous_2)
FN:23,(anonymous_3)
FN:26,(anonymous_4)
FNF:4
FNH:0
FNDA:0,(anonymous_1)
FNDA:0,(anonymous_2)
FNDA:0,(anonymous_3)
FNDA:0,(anonymous_4)
DA:1,1
DA:3,1
DA:10,1
DA:11,0
DA:12,0
DA:13,0
DA:15,0
DA:18,0
DA:19,0
DA:23,1
DA:24,0
DA:27,0
DA:28,0
DA:29,0
DA:30,0
DA:32,0
LF:16
LH:4
BRDA:12,0,0,0
BRDA:27,1,0,0
BRDA:27,2,0,0
BRDA:27,2,1,0
BRF:4
BRH:0
end_of_record
